[02:35:40] [Server thread/INFO]: Starting minecraft server version 1.8
[02:35:40] [Server thread/INFO]: Loading properties
[02:35:40] [Server thread/INFO]: Default game type: SURVIVAL
[02:35:40] [Server thread/INFO]: Generating keypair
[02:35:43] [Server thread/INFO]: Starting Minecraft server on *:25565
[02:35:48] [Server thread/INFO]: This server is running CraftBukkit version git-Bukkit-bc03b6f (MC: 1.8) (Implementing API version 1.8-R0.1-SNAPSHOT)
[02:35:48] [Server thread/WARN]: Failed to load user banlist: 
java.io.FileNotFoundException: banned-players.json (The system cannot find the file specified)
	at java.io.FileInputStream.open0(Native Method) ~[?:1.8.0_181]
	at java.io.FileInputStream.open(Unknown Source) ~[?:1.8.0_181]
	at java.io.FileInputStream.<init>(Unknown Source) ~[?:1.8.0_181]
	at com.google.common.io.Files.newReader(Files.java:86) ~[craftbukkit.jar:git-Bukkit-bc03b6f]
	at net.minecraft.server.v1_8_R1.JsonList.load(JsonList.java:150) ~[craftbukkit.jar:git-Bukkit-bc03b6f]
	at net.minecraft.server.v1_8_R1.DedicatedPlayerList.z(SourceFile:99) [craftbukkit.jar:git-Bukkit-bc03b6f]
	at net.minecraft.server.v1_8_R1.DedicatedPlayerList.<init>(SourceFile:25) [craftbukkit.jar:git-Bukkit-bc03b6f]
	at net.minecraft.server.v1_8_R1.DedicatedServer.init(DedicatedServer.java:133) [craftbukkit.jar:git-Bukkit-bc03b6f]
	at net.minecraft.server.v1_8_R1.MinecraftServer.run(MinecraftServer.java:473) [craftbukkit.jar:git-Bukkit-bc03b6f]
	at java.lang.Thread.run(Unknown Source) [?:1.8.0_181]
[02:35:48] [Server thread/WARN]: Failed to load ip banlist: 
java.io.FileNotFoundException: banned-ips.json (The system cannot find the file specified)
	at java.io.FileInputStream.open0(Native Method) ~[?:1.8.0_181]
	at java.io.FileInputStream.open(Unknown Source) ~[?:1.8.0_181]
	at java.io.FileInputStream.<init>(Unknown Source) ~[?:1.8.0_181]
	at com.google.common.io.Files.newReader(Files.java:86) ~[craftbukkit.jar:git-Bukkit-bc03b6f]
	at net.minecraft.server.v1_8_R1.JsonList.load(JsonList.java:150) ~[craftbukkit.jar:git-Bukkit-bc03b6f]
	at net.minecraft.server.v1_8_R1.DedicatedPlayerList.y(SourceFile:91) [craftbukkit.jar:git-Bukkit-bc03b6f]
	at net.minecraft.server.v1_8_R1.DedicatedPlayerList.<init>(SourceFile:27) [craftbukkit.jar:git-Bukkit-bc03b6f]
	at net.minecraft.server.v1_8_R1.DedicatedServer.init(DedicatedServer.java:133) [craftbukkit.jar:git-Bukkit-bc03b6f]
	at net.minecraft.server.v1_8_R1.MinecraftServer.run(MinecraftServer.java:473) [craftbukkit.jar:git-Bukkit-bc03b6f]
	at java.lang.Thread.run(Unknown Source) [?:1.8.0_181]
[02:35:48] [Server thread/WARN]: Failed to load operators list: 
java.io.FileNotFoundException: ops.json (The system cannot find the file specified)
	at java.io.FileInputStream.open0(Native Method) ~[?:1.8.0_181]
	at java.io.FileInputStream.open(Unknown Source) ~[?:1.8.0_181]
	at java.io.FileInputStream.<init>(Unknown Source) ~[?:1.8.0_181]
	at com.google.common.io.Files.newReader(Files.java:86) ~[craftbukkit.jar:git-Bukkit-bc03b6f]
	at net.minecraft.server.v1_8_R1.JsonList.load(JsonList.java:150) ~[craftbukkit.jar:git-Bukkit-bc03b6f]
	at net.minecraft.server.v1_8_R1.DedicatedPlayerList.A(SourceFile:107) [craftbukkit.jar:git-Bukkit-bc03b6f]
	at net.minecraft.server.v1_8_R1.DedicatedPlayerList.<init>(SourceFile:29) [craftbukkit.jar:git-Bukkit-bc03b6f]
	at net.minecraft.server.v1_8_R1.DedicatedServer.init(DedicatedServer.java:133) [craftbukkit.jar:git-Bukkit-bc03b6f]
	at net.minecraft.server.v1_8_R1.MinecraftServer.run(MinecraftServer.java:473) [craftbukkit.jar:git-Bukkit-bc03b6f]
	at java.lang.Thread.run(Unknown Source) [?:1.8.0_181]
[02:35:48] [Server thread/WARN]: Failed to load white-list: 
java.io.FileNotFoundException: whitelist.json (The system cannot find the file specified)
	at java.io.FileInputStream.open0(Native Method) ~[?:1.8.0_181]
	at java.io.FileInputStream.open(Unknown Source) ~[?:1.8.0_181]
	at java.io.FileInputStream.<init>(Unknown Source) ~[?:1.8.0_181]
	at com.google.common.io.Files.newReader(Files.java:86) ~[craftbukkit.jar:git-Bukkit-bc03b6f]
	at net.minecraft.server.v1_8_R1.JsonList.load(JsonList.java:150) ~[craftbukkit.jar:git-Bukkit-bc03b6f]
	at net.minecraft.server.v1_8_R1.DedicatedPlayerList.C(SourceFile:123) [craftbukkit.jar:git-Bukkit-bc03b6f]
	at net.minecraft.server.v1_8_R1.DedicatedPlayerList.<init>(SourceFile:30) [craftbukkit.jar:git-Bukkit-bc03b6f]
	at net.minecraft.server.v1_8_R1.DedicatedServer.init(DedicatedServer.java:133) [craftbukkit.jar:git-Bukkit-bc03b6f]
	at net.minecraft.server.v1_8_R1.MinecraftServer.run(MinecraftServer.java:473) [craftbukkit.jar:git-Bukkit-bc03b6f]
	at java.lang.Thread.run(Unknown Source) [?:1.8.0_181]
[02:35:48] [Server thread/WARN]: **** SERVER IS RUNNING IN OFFLINE/INSECURE MODE!
[02:35:48] [Server thread/WARN]: The server will make no attempt to authenticate usernames. Beware.
[02:35:48] [Server thread/WARN]: While this makes the game possible to play without internet access, it also opens up the ability for hackers to connect with any username they choose.
[02:35:49] [Server thread/WARN]: To change this, set "online-mode" to "true" in the server.properties file.
[02:35:49] [Server thread/INFO]: Preparing level "world"
[02:35:55] [Server thread/INFO]: Preparing start region for level 0 (Seed: -3005208576324357244)
[02:35:56] [Server thread/INFO]: Preparing spawn area: 2%
[02:35:57] [Server thread/INFO]: Preparing spawn area: 4%
[02:35:59] [Server thread/INFO]: Preparing spawn area: 4%
[02:36:00] [Server thread/INFO]: Preparing spawn area: 6%
[02:36:01] [Server thread/INFO]: Preparing spawn area: 8%
[02:36:02] [Server thread/INFO]: Preparing spawn area: 8%
[02:36:03] [Server thread/INFO]: Preparing spawn area: 10%
[02:36:04] [Server thread/INFO]: Preparing spawn area: 12%
[02:36:05] [Server thread/INFO]: Preparing spawn area: 15%
[02:36:06] [Server thread/INFO]: Preparing spawn area: 18%
[02:36:07] [Server thread/INFO]: Preparing spawn area: 20%
[02:36:08] [Server thread/INFO]: Preparing spawn area: 22%
[02:36:09] [Server thread/INFO]: Preparing spawn area: 24%
[02:36:10] [Server thread/INFO]: Preparing spawn area: 26%
[02:36:12] [Server thread/INFO]: Preparing spawn area: 29%
[02:36:13] [Server thread/INFO]: Preparing spawn area: 31%
[02:36:14] [Server thread/INFO]: Preparing spawn area: 34%
[02:36:15] [Server thread/INFO]: Preparing spawn area: 36%
[02:36:16] [Server thread/INFO]: Preparing spawn area: 39%
[02:36:17] [Server thread/INFO]: Preparing spawn area: 41%
[02:36:18] [Server thread/INFO]: Preparing spawn area: 44%
[02:36:19] [Server thread/INFO]: Preparing spawn area: 46%
[02:36:20] [Server thread/INFO]: Preparing spawn area: 49%
[02:36:21] [Server thread/INFO]: Preparing spawn area: 52%
[02:36:22] [Server thread/INFO]: Preparing spawn area: 54%
[02:36:23] [Server thread/INFO]: Preparing spawn area: 57%
[02:36:24] [Server thread/INFO]: Preparing spawn area: 59%
[02:36:25] [Server thread/INFO]: Preparing spawn area: 61%
[02:36:26] [Server thread/INFO]: Preparing spawn area: 64%
[02:36:27] [Server thread/INFO]: Preparing spawn area: 66%
[02:36:28] [Server thread/INFO]: Preparing spawn area: 69%
[02:36:29] [Server thread/INFO]: Preparing spawn area: 70%
[02:36:30] [Server thread/INFO]: Preparing spawn area: 73%
[02:36:31] [Server thread/INFO]: Preparing spawn area: 76%
[02:36:32] [Server thread/INFO]: Preparing spawn area: 79%
[02:36:33] [Server thread/INFO]: Preparing spawn area: 81%
[02:36:34] [Server thread/INFO]: Preparing spawn area: 85%
[02:36:35] [Server thread/INFO]: Preparing spawn area: 88%
[02:36:37] [Server thread/INFO]: Preparing spawn area: 91%
[02:36:38] [Server thread/INFO]: Preparing spawn area: 92%
[02:36:39] [Server thread/INFO]: Preparing spawn area: 95%
[02:36:40] [Server thread/INFO]: Preparing spawn area: 98%
[02:36:41] [Server thread/INFO]: Preparing spawn area: 99%
[02:36:41] [Server thread/INFO]: Preparing start region for level 1 (Seed: -3005208576324357244)
[02:36:45] [Server thread/INFO]: Preparing spawn area: 0%
[02:36:47] [Server thread/INFO]: Preparing spawn area: 2%
[02:36:48] [Server thread/INFO]: Preparing spawn area: 5%
[02:36:49] [Server thread/INFO]: Preparing spawn area: 9%
[02:36:50] [Server thread/INFO]: Preparing spawn area: 12%
[02:36:51] [Server thread/INFO]: Preparing spawn area: 16%
[02:36:53] [Server thread/INFO]: Preparing spawn area: 20%
[02:36:54] [Server thread/INFO]: Preparing spawn area: 22%
[02:36:55] [Server thread/INFO]: Preparing spawn area: 27%
[02:36:56] [Server thread/INFO]: Preparing spawn area: 32%
[02:36:57] [Server thread/INFO]: Preparing spawn area: 37%
[02:36:58] [Server thread/INFO]: Preparing spawn area: 43%
[02:37:01] [Server thread/INFO]: Preparing spawn area: 48%
[02:37:04] [Server thread/INFO]: Preparing spawn area: 50%
[02:37:05] [Server thread/INFO]: Preparing spawn area: 53%
[02:37:06] [Server thread/INFO]: Preparing spawn area: 57%
[02:37:07] [Server thread/INFO]: Preparing spawn area: 60%
[02:37:08] [Server thread/INFO]: Preparing spawn area: 65%
[02:37:09] [Server thread/INFO]: Preparing spawn area: 71%
[02:37:11] [Server thread/INFO]: Preparing spawn area: 78%
[02:37:12] [Server thread/INFO]: Preparing spawn area: 81%
[02:37:13] [Server thread/INFO]: Preparing spawn area: 86%
[02:37:15] [Server thread/INFO]: Preparing spawn area: 92%
[02:37:16] [Server thread/INFO]: Preparing spawn area: 98%
[02:37:16] [Server thread/INFO]: Preparing start region for level 2 (Seed: -3005208576324357244)
[02:37:22] [Server thread/INFO]: Preparing spawn area: 0%
[02:37:25] [Server thread/INFO]: Preparing spawn area: 2%
[02:37:26] [Server thread/INFO]: Preparing spawn area: 14%
[02:37:27] [Server thread/INFO]: Preparing spawn area: 21%
[02:37:28] [Server thread/INFO]: Preparing spawn area: 31%
[02:37:29] [Server thread/INFO]: Preparing spawn area: 40%
[02:37:32] [Server thread/INFO]: Preparing spawn area: 48%
[02:37:34] [Server thread/INFO]: Preparing spawn area: 50%
[02:37:35] [Server thread/INFO]: Preparing spawn area: 64%
[02:37:36] [Server thread/INFO]: Preparing spawn area: 79%
[02:37:37] [Server thread/INFO]: Preparing spawn area: 94%
[02:37:38] [Server thread/INFO]: Done (109.144s)! For help, type "help" or "?"
